2017-12-21 03:56:52 INFO  Controller:32 - Game is started
2017-12-21 03:56:54 INFO  Controller:179 - Played selected Easy Game
2017-12-21 03:56:54 INFO  FlyWeight:22 - Maze is Generated
2017-12-21 03:56:56 INFO  Controller:68 - Player is moving Right
2017-12-21 03:56:57 INFO  Controller:66 - Player is moving Down
2017-12-21 03:56:57 INFO  GamingEngine:305 - There is Block
2017-12-21 03:56:57 INFO  GamingEngine:305 - There is Block
2017-12-21 03:56:57 INFO  GamingEngine:305 - There is Block
2017-12-21 03:56:57 INFO  GamingEngine:305 - There is Block
2017-12-21 03:56:57 INFO  GamingEngine:305 - There is Block
2017-12-21 03:56:57 INFO  GamingEngine:305 - There is Block
2017-12-21 03:56:57 INFO  GamingEngine:305 - There is Block
2017-12-21 03:56:57 INFO  GamingEngine:305 - There is Block
2017-12-21 03:56:57 INFO  GamingEngine:305 - There is Block
2017-12-21 03:56:57 INFO  GamingEngine:305 - There is Block
2017-12-21 03:56:57 INFO  GamingEngine:305 - There is Block
2017-12-21 03:56:57 INFO  GamingEngine:305 - There is Block
2017-12-21 03:56:57 INFO  GamingEngine:305 - There is Block
2017-12-21 03:56:57 INFO  GamingEngine:305 - There is Block
2017-12-21 03:56:57 INFO  GamingEngine:305 - There is Block
2017-12-21 03:56:57 INFO  GamingEngine:305 - There is Block
2017-12-21 03:56:57 INFO  GamingEngine:305 - There is Block
2017-12-21 03:56:57 INFO  GamingEngine:305 - There is Block
2017-12-21 03:56:57 INFO  GamingEngine:305 - There is Block
2017-12-21 03:56:57 INFO  GamingEngine:305 - There is Block
2017-12-21 03:56:57 INFO  GamingEngine:305 - There is Block
2017-12-21 03:56:57 INFO  GamingEngine:305 - There is Block
2017-12-21 03:56:57 INFO  GamingEngine:305 - There is Block
2017-12-21 03:56:57 INFO  GamingEngine:305 - There is Block
2017-12-21 03:56:57 INFO  GamingEngine:305 - There is Block
2017-12-21 03:56:57 INFO  GamingEngine:305 - There is Block
2017-12-21 03:56:57 INFO  GamingEngine:305 - There is Block
2017-12-21 03:56:57 INFO  GamingEngine:305 - There is Block
2017-12-21 03:56:57 INFO  GamingEngine:305 - There is Block
2017-12-21 03:56:57 INFO  GamingEngine:305 - There is Block
2017-12-21 03:56:57 INFO  GamingEngine:305 - There is Block
2017-12-21 03:56:57 INFO  GamingEngine:305 - There is Block
2017-12-21 03:56:57 INFO  GamingEngine:305 - There is Block
2017-12-21 03:56:57 INFO  GamingEngine:305 - There is Block
2017-12-21 03:56:57 INFO  GamingEngine:305 - There is Block
2017-12-21 03:56:57 INFO  Controller:70 - Player is moving Left
2017-12-21 03:56:57 INFO  GamingEngine:305 - There is Block
2017-12-21 03:56:57 INFO  GamingEngine:305 - There is Block
2017-12-21 03:56:57 INFO  GamingEngine:305 - There is Block
2017-12-21 03:56:57 INFO  GamingEngine:305 - There is Block
2017-12-21 03:56:57 INFO  GamingEngine:305 - There is Block
2017-12-21 03:56:57 INFO  GamingEngine:305 - There is Block
2017-12-21 03:56:57 INFO  GamingEngine:305 - There is Block
2017-12-21 03:56:57 INFO  GamingEngine:305 - There is Block
2017-12-21 03:56:57 INFO  GamingEngine:305 - There is Block
2017-12-21 03:56:57 INFO  GamingEngine:305 - There is Block
2017-12-21 03:56:57 INFO  GamingEngine:305 - There is Block
2017-12-21 03:56:57 INFO  GamingEngine:305 - There is Block
2017-12-21 03:56:57 INFO  GamingEngine:305 - There is Block
2017-12-21 03:56:57 INFO  GamingEngine:305 - There is Block
2017-12-21 03:56:57 INFO  GamingEngine:305 - There is Block
2017-12-21 03:56:58 INFO  Controller:66 - Player is moving Down
2017-12-21 03:56:58 INFO  GamingEngine:305 - There is Block
2017-12-21 03:56:58 INFO  GamingEngine:305 - There is Block
2017-12-21 03:56:58 INFO  GamingEngine:305 - There is Block
2017-12-21 03:56:58 INFO  GamingEngine:305 - There is Block
2017-12-21 03:56:58 INFO  GamingEngine:305 - There is Block
2017-12-21 03:56:58 INFO  GamingEngine:305 - There is Block
2017-12-21 03:56:58 INFO  GamingEngine:305 - There is Block
2017-12-21 03:56:58 INFO  GamingEngine:305 - There is Block
2017-12-21 03:56:58 INFO  GamingEngine:305 - There is Block
2017-12-21 03:56:58 INFO  GamingEngine:305 - There is Block
2017-12-21 03:56:58 INFO  GamingEngine:305 - There is Block
2017-12-21 03:56:58 INFO  GamingEngine:305 - There is Block
2017-12-21 03:56:58 INFO  GamingEngine:305 - There is Block
2017-12-21 03:56:58 INFO  GamingEngine:305 - There is Block
2017-12-21 03:56:58 INFO  GamingEngine:305 - There is Block
2017-12-21 03:56:58 INFO  GamingEngine:305 - There is Block
2017-12-21 03:56:58 INFO  GamingEngine:305 - There is Block
2017-12-21 03:56:58 INFO  GamingEngine:305 - There is Block
2017-12-21 03:56:58 INFO  GamingEngine:305 - There is Block
2017-12-21 03:56:58 INFO  GamingEngine:305 - There is Block
2017-12-21 03:56:58 INFO  GamingEngine:305 - There is Block
2017-12-21 03:56:58 INFO  GamingEngine:305 - There is Block
2017-12-21 03:56:58 INFO  GamingEngine:305 - There is Block
2017-12-21 03:56:58 INFO  GamingEngine:289 - Player gets Ammo Gift
2017-12-21 03:56:58 INFO  Controller:70 - Player is moving Left
2017-12-21 03:56:58 INFO  GamingEngine:305 - There is Block
2017-12-21 03:56:58 INFO  GamingEngine:305 - There is Block
2017-12-21 03:56:58 INFO  GamingEngine:305 - There is Block
2017-12-21 03:56:58 INFO  GamingEngine:305 - There is Block
2017-12-21 03:56:58 INFO  GamingEngine:305 - There is Block
2017-12-21 03:56:58 INFO  GamingEngine:305 - There is Block
2017-12-21 03:56:58 INFO  GamingEngine:305 - There is Block
2017-12-21 03:56:58 INFO  GamingEngine:305 - There is Block
2017-12-21 03:56:58 INFO  GamingEngine:305 - There is Block
2017-12-21 03:56:58 INFO  GamingEngine:305 - There is Block
2017-12-21 03:56:58 INFO  GamingEngine:305 - There is Block
2017-12-21 03:56:58 INFO  GamingEngine:305 - There is Block
2017-12-21 03:56:58 INFO  GamingEngine:305 - There is Block
2017-12-21 03:56:58 INFO  GamingEngine:305 - There is Block
2017-12-21 03:56:58 INFO  GamingEngine:305 - There is Block
2017-12-21 03:56:58 INFO  GamingEngine:305 - There is Block
2017-12-21 03:56:58 INFO  GamingEngine:305 - There is Block
2017-12-21 03:56:58 INFO  GamingEngine:305 - There is Block
2017-12-21 03:56:58 INFO  GamingEngine:305 - There is Block
2017-12-21 03:56:58 INFO  GamingEngine:305 - There is Block
2017-12-21 03:56:58 INFO  GamingEngine:305 - There is Block
2017-12-21 03:56:58 INFO  GamingEngine:305 - There is Block
2017-12-21 03:56:58 INFO  GamingEngine:305 - There is Block
2017-12-21 03:56:58 INFO  GamingEngine:305 - There is Block
2017-12-21 03:56:58 INFO  GamingEngine:305 - There is Block
2017-12-21 03:56:58 INFO  GamingEngine:305 - There is Block
2017-12-21 03:56:58 INFO  GamingEngine:305 - There is Block
2017-12-21 03:56:58 INFO  GamingEngine:305 - There is Block
2017-12-21 03:56:58 INFO  GamingEngine:305 - There is Block
2017-12-21 03:56:58 INFO  GamingEngine:305 - There is Block
2017-12-21 03:56:58 INFO  GamingEngine:305 - There is Block
2017-12-21 03:56:58 INFO  GamingEngine:305 - There is Block
2017-12-21 03:56:58 INFO  GamingEngine:305 - There is Block
2017-12-21 03:56:58 INFO  GamingEngine:305 - There is Block
2017-12-21 03:56:58 INFO  GamingEngine:305 - There is Block
2017-12-21 03:56:59 INFO  Controller:66 - Player is moving Down
2017-12-21 03:56:59 INFO  GamingEngine:305 - There is Block
2017-12-21 03:56:59 INFO  GamingEngine:305 - There is Block
2017-12-21 03:56:59 INFO  GamingEngine:305 - There is Block
2017-12-21 03:56:59 INFO  GamingEngine:305 - There is Block
2017-12-21 03:56:59 INFO  GamingEngine:305 - There is Block
2017-12-21 03:56:59 INFO  GamingEngine:305 - There is Block
2017-12-21 03:56:59 INFO  GamingEngine:305 - There is Block
2017-12-21 03:56:59 INFO  GamingEngine:305 - There is Block
2017-12-21 03:56:59 INFO  GamingEngine:305 - There is Block
2017-12-21 03:56:59 INFO  GamingEngine:305 - There is Block
2017-12-21 03:56:59 INFO  Controller:68 - Player is moving Right
2017-12-21 03:56:59 INFO  GamingEngine:305 - There is Block
2017-12-21 03:56:59 INFO  GamingEngine:305 - There is Block
2017-12-21 03:56:59 INFO  GamingEngine:305 - There is Block
2017-12-21 03:56:59 INFO  GamingEngine:305 - There is Block
2017-12-21 03:56:59 INFO  GamingEngine:305 - There is Block
2017-12-21 03:56:59 INFO  GamingEngine:305 - There is Block
2017-12-21 03:56:59 INFO  GamingEngine:305 - There is Block
2017-12-21 03:56:59 INFO  GamingEngine:305 - There is Block
2017-12-21 03:56:59 INFO  GamingEngine:305 - There is Block
2017-12-21 03:56:59 INFO  GamingEngine:305 - There is Block
2017-12-21 03:56:59 INFO  GamingEngine:305 - There is Block
2017-12-21 03:56:59 INFO  GamingEngine:305 - There is Block
2017-12-21 03:56:59 INFO  GamingEngine:305 - There is Block
2017-12-21 03:56:59 INFO  GamingEngine:305 - There is Block
2017-12-21 03:56:59 INFO  GamingEngine:305 - There is Block
2017-12-21 03:56:59 INFO  GamingEngine:305 - There is Block
2017-12-21 03:57:00 INFO  GamingEngine:305 - There is Block
2017-12-21 03:57:00 INFO  GamingEngine:305 - There is Block
2017-12-21 15:47:46 INFO  Controller:32 - Game is started
